<?xml version="1.0" encoding="UTF-8"?>
<!-- Generated by org.testng.reporters.JUnitXMLReporter -->
<testsuite hostname="DESKTOP-TNNOMRP" ignored="2" name="Test" tests="3" failures="0" timestamp="2021-05-07T10:38:33 IST" time="46.771" errors="0">
  <testcase name="searchOrganizationNameByPhone" time="8.623" classname="com.comcast.crm.organizationTest.searchOrganizationTest"/>
  <testcase name="searchOrganizationNameByRating" time="7.121" classname="com.comcast.crm.organizationTest.searchOrganizationTest"/>
  <testcase name="searchOrganizationNameByWebsite" time="5.725" classname="com.comcast.crm.organizationTest.searchOrganizationTest"/>
  <testcase name="searchOrganizationNameByOrgName" time="0.0" classname="com.comcast.crm.organizationTest.searchOrganizationTest">
    <ignored/>
  </testcase> <!-- searchOrganizationNameByOrgName -->
  <testcase name="filterProspectAccounts" time="0.0" classname="com.comcast.crm.organizationTest.searchOrganizationTest">
    <ignored/>
  </testcase> <!-- filterProspectAccounts -->
</testsuite> <!-- Test -->
